


ARM Macro Assembler    Page 1 


    1 00000000                 AREA             Init, CODE ,READONLY
    2 00000000                 ENTRY
    3 00000000         
    4 00000000         start
    5 00000000         ;¹Ø±Õ¿´ÃÅ¿Ú
    6 00000000 E3A00453        ldr              r0,=0x53000000
    7 00000004 E3A01000        ldr              r1,=0
    8 00000008 E5801000        str              r1,[r0]
    9 0000000C         
   10 0000000C E3A00456        ldr              r0, = 0x56000000
   11 00000010 E3A01000        ldr              r1, = 0
   12 00000014 E5801000        str              r1, [r0]    ;ÉèÖÃGPAÎªÊä³ö
   13 00000018         
   14 00000018 E59F0060        ldr              r0, = 0x56000010
   15 0000001C E3A01B05        ldr              r1, = 0x5 << 10
   16 00000020 E5801000        str              r1, [r0]    ;ÉèÖÃGPBÎªÊä³ö
   17 00000024         
   18 00000024 E59F0058        ldr              r0, = 0x5600001c
   19 00000028 E3A01000        ldr              r1, = 0x0
   20 0000002C E5801000        str              r1, [r0]    ;GPB¸´ÓÃÁËÌØÊâ¹¦ÄÜÒ
                                                            ý½Å£¬ÉèÖÃÎªÊä³öÄ£Ê½
                                                            
   21 00000030         
   22 00000030         
   23 00000030         
   24 00000030         led_blink
   25 00000030         ;led on
   26 00000030 E59F0050        ldr              r0, = 0x56000004
   27 00000034 E3A01000        ldr              r1, = 0
   28 00000038 E5801000        str              r1, [r0]    ;
   29 0000003C         
   30 0000003C E59F0048        ldr              r0, = 0x56000014
   31 00000040 E3A01000        ldr              r1, = 0
   32 00000044 E5801000        str              r1, [r0]    ;
   33 00000048         
   34 00000048 EB000007        bl               delay
   35 0000004C         ;led off
   36 0000004C E59F0034        ldr              r0, = 0x56000004
   37 00000050 E3A01406        ldr              r1, = (0x3 << 25)
   38 00000054 E5801000        str              r1, [r0]    ;
   39 00000058         
   40 00000058 E59F002C        ldr              r0, = 0x56000014
   41 0000005C E3A01060        ldr              r1, = (0x3 << 5)
   42 00000060 E5801000        str              r1, [r0]    ;
   43 00000064         
   44 00000064 EB000000        bl               delay
   45 00000068         
   46 00000068 EBFFFFF0        bl               led_blink
   47 0000006C         
   48 0000006C         
   49 0000006C         
   50 0000006C         delay
   51 0000006C E3A00601        ldr              r0, = 0x100000
   52 00000070         delay_loop
   53 00000070 E3500000        cmp              r0,#0
   54 00000074 E2400001        sub              r0,r0,#1
   55 00000078 1AFFFFFC        bne              delay_loop
   56 0000007C E1A0F00E        mov              pc ,lr
   57 00000080         



ARM Macro Assembler    Page 2 


   58 00000080                 END
              56000010 
              5600001C 
              56000004 
              56000014 
Command Line: --debug --xref --cpu=ARM926EJ-S --apcs=interwork --depend=.\objec
ts\mini2451_led_s.d -o.\objects\mini2451_led_s.o -ID:\KEILARM\ARM\RV31\INC -ID:
\KEILARM\ARM\CMSIS\Include --list=.\listings\mini2451_led_s.lst ..\Mini2451_Led
_s.s



ARM Macro Assembler    Page 1 Alphabetic symbol ordering
Relocatable symbols

Init 00000000

Symbol: Init
   Definitions
      At line 1 in file ..\Mini2451_Led_s.s
   Uses
      None
Comment: Init unused
delay 0000006C

Symbol: delay
   Definitions
      At line 50 in file ..\Mini2451_Led_s.s
   Uses
      At line 34 in file ..\Mini2451_Led_s.s
      At line 44 in file ..\Mini2451_Led_s.s

delay_loop 00000070

Symbol: delay_loop
   Definitions
      At line 52 in file ..\Mini2451_Led_s.s
   Uses
      At line 55 in file ..\Mini2451_Led_s.s
Comment: delay_loop used once
led_blink 00000030

Symbol: led_blink
   Definitions
      At line 24 in file ..\Mini2451_Led_s.s
   Uses
      At line 46 in file ..\Mini2451_Led_s.s
Comment: led_blink used once
start 00000000

Symbol: start
   Definitions
      At line 4 in file ..\Mini2451_Led_s.s
   Uses
      None
Comment: start unused
5 symbols
337 symbols in table
